<?xml version="1.0" encoding="UTF-8"?>
<testng-results skipped="0" failed="0" ignored="0" total="1" passed="1">
  <reporter-output>
  </reporter-output>
  <suite name="Default suite" duration-ms="26682" started-at="2018-11-17T18:29:34Z" finished-at="2018-11-17T18:30:01Z">
    <groups>
    </groups>
    <test name="Default test" duration-ms="26682" started-at="2018-11-17T18:29:34Z" finished-at="2018-11-17T18:30:01Z">
      <class name="org.maven.myte.selenium.AmazonLogin">
        <test-method status="PASS" signature="beforeTest()[pri:0, instance:org.maven.myte.selenium.AmazonLogin@66a3ffec]" name="beforeTest" is-config="true" duration-ms="14392" started-at="2018-11-17T23:59:34Z" finished-at="2018-11-17T23:59:48Z">
          <reporter-output>
          </reporter-output>
        </test-method> <!-- beforeTest -->
        <test-method status="PASS" signature="f()[pri:0, instance:org.maven.myte.selenium.AmazonLogin@66a3ffec]" name="f" duration-ms="12070" started-at="2018-11-17T23:59:48Z" finished-at="2018-11-18T00:00:01Z">
          <reporter-output>
          </reporter-output>
        </test-method> <!-- f -->
        <test-method status="PASS" signature="afterTest()[pri:0, instance:org.maven.myte.selenium.AmazonLogin@66a3ffec]" name="afterTest" is-config="true" duration-ms="1" started-at="2018-11-18T00:00:01Z" finished-at="2018-11-18T00:00:01Z">
          <reporter-output>
          </reporter-output>
        </test-method> <!-- afterTest -->
      </class> <!-- org.maven.myte.selenium.AmazonLogin -->
    </test> <!-- Default test -->
  </suite> <!-- Default suite -->
</testng-results>
